[debug] [2021-10-22T10:41:40.615Z] ----------------------------------------------------------------------
[debug] [2021-10-22T10:41:40.617Z] Command:       C:\Program Files\nodejs\node.exe C:\Users\Student\AppData\Roaming\npm\node_modules\firebase-tools\lib\bin\firebase.js init
[debug] [2021-10-22T10:41:40.618Z] CLI Version:   9.21.0
[debug] [2021-10-22T10:41:40.618Z] Platform:      win32
[debug] [2021-10-22T10:41:40.618Z] Node Version:  v16.9.1
[debug] [2021-10-22T10:41:40.620Z] Time:          Fri Oct 22 2021 13:41:40 GMT+0300 (East Africa Time)
[debug] [2021-10-22T10:41:40.620Z] ----------------------------------------------------------------------
[debug] 
[debug] [2021-10-22T10:41:40.626Z] >>> [apiv2][query] GET https://firebase-public.firebaseio.com/cli.json [none]
[debug] [2021-10-22T10:41:40.661Z] > command requires scopes: ["email","openid","https://www.googleapis.com/auth/cloudplatformprojects.readonly","https://www.googleapis.com/auth/firebase","https://www.googleapis.com/auth/cloud-platform"]
[debug] [2021-10-22T10:41:40.661Z] > authorizing via signed-in user (somoiretomcs@gmail.com)
[info] 
     ######## #### ########  ######## ########     ###     ######  ########
     ##        ##  ##     ## ##       ##     ##  ##   ##  ##       ##
     ######    ##  ########  ######   ########  #########  ######  ######
     ##        ##  ##    ##  ##       ##     ## ##     ##       ## ##
     ##       #### ##     ## ######## ########  ##     ##  ######  ########

You're about to initialize a Firebase project in this directory:

  C:\Users\Student\Documents\portfolio-tom\portfolio

[debug] [2021-10-22T10:41:41.773Z] <<< [apiv2][status] GET https://firebase-public.firebaseio.com/cli.json 200
[debug] [2021-10-22T10:41:41.774Z] <<< [apiv2][body] GET https://firebase-public.firebaseio.com/cli.json {"cloudBuildErrorAfter":1594252800000,"cloudBuildWarnAfter":1590019200000,"defaultNode10After":1594252800000,"minVersion":"3.0.5","node8DeploysDisabledAfter":1613390400000,"node8RuntimeDisabledAfter":1615809600000,"node8WarnAfter":1600128000000}
